[2026-03-24 07:56:30] === Airdrop Monitor Start ===
╔══════════════════════════════════════════════╗
║  🪂 CLAW 空投監控報告                       ║
║  ⏰ 2026/3/24 上午7:56:30 🌍 歐洲盤             ║
╚══════════════════════════════════════════════╝

🐂 【比特幣 ETF 與鯨魚信號】
────────────────────────────────────────
  BTC 現價: $N/A
  24h 變化: N/A
  市場信號: NEUTRAL

🔷 【ETH L2 空投進度追蹤】
────────────────────────────────────────
  項目          代號   現價         24h      7d      排名    狀態
  ----------------------------------------------------------------------
  Arbitrum     ARB   N/A        N/A     N/A       N/A  已空投
  Optimism     OP    N/A        N/A     N/A       N/A  已空投
  ZkSync       ZK    N/A        N/A     N/A       N/A  進行中
  StarkNet     STRK  N/A        N/A     N/A       N/A  已空投
  Base (Coinbase) 待定    N/A        N/A     N/A       N/A  即將空投
  Scroll       待定    N/A        N/A     N/A       N/A  測試網
  Linea        待定    N/A        N/A     N/A       N/A  即將空投

🔶 【BNB Chain 生態監控】
────────────────────────────────────────
  BNB 現價: $N/A (N/A)
  熱門代幣:

🟣 【Solana 生態系統】
────────────────────────────────────────
  SOL 現價: $N/A (N/A)
  熱門代幣:

🦐 【Meme Coin 熱度（ClawCoin 參考）】
────────────────────────────────────────
  DOGE   Dogecoin   N/A          24h: N/A
  SHIB   ETH/BSC    N/A          24h: N/A
  PEPE   ETH        N/A          24h: N/A
  FLOKI  BNB Chain  N/A          24h: N/A
  BONE   ETH        N/A          24h: N/A

⭐ 【潛力空投項目追蹤】
────────────────────────────────────────
  LayerZero      [網格階段]
    現價: N/A        24h: N/A      MC: N/A
    💡 持續交互測試網
  Mystic Protocol [即將上線]
    現價: N/A        24h: N/A      MC: N/A
    💡 關注官方公告
  Scroll         [測試網 Phase 2]
    現價: N/A        24h: N/A      MC: N/A
    💡 空投機會高
  Linea          [主網即將發布]
    現價: N/A        24h: N/A      MC: N/A
    💡 Consensys 支持
  Blast          [已空投]
    現價: N/A        24h: N/A      MC: N/A
    💡 關注二期規劃
  Metis          [L2 項目]
    現價: N/A        24h: N/A      MC: N/A
    💡 潛在空投

🎯 【行動建議】
────────────────────────────────────────
  🔸 Scroll 測試網 Phase 2 — 持續交互有機會獲得未來空投
  🔸 Linea 主網臨近 — 關注官方 discord 獲取早期資格
  🔸 ZkSync 生態 — 橋接資金至 ZkSync Era 累積互動次數
  🦐 CLAW 即將部署 — 關注部署後流動性池建立時間

════════════════════════════════════════
📊 報告生成時間: 2026-03-23T23:56:31.269Z
════════════════════════════════════════

[2026-03-24 07:56:31] === Airdrop Monitor End (exit:0) ===
[2026-03-24 08:00:00] === Airdrop Monitor Start ===
/Users/cryptoclaw/.openclaw/workspace/clawcoin/monitoring/airdrop-cron.sh: line 15: node: command not found
[2026-03-24 08:00:00] === Airdrop Monitor End (exit:127) ===
[2026-03-24 09:00:00] === Airdrop Monitor Start ===
/Users/cryptoclaw/.openclaw/workspace/clawcoin/monitoring/airdrop-cron.sh: line 15: node: command not found
[2026-03-24 09:00:00] === Airdrop Monitor End (exit:127) ===
[2026-03-24 10:00:00] === Airdrop Monitor Start ===
/Users/cryptoclaw/.openclaw/workspace/clawcoin/monitoring/airdrop-cron.sh: line 15: node: command not found
[2026-03-24 10:00:00] === Airdrop Monitor End (exit:127) ===
